  ArUco.cpp
C:\Dev\aruco\include\aruco\fractallabelers\fractallabeler.h(41,76): warning C4244: 'return' : conversion de 'double' en 'int', perte possible de données
C:\Users\Eleve\source\repos\Appli_RA\Appli_RA\ArUco.cpp(68,10): warning C4244: 'argument' : conversion de 'GLdouble' en 'GLfloat', perte possible de données
C:\Users\Eleve\source\repos\Appli_RA\Appli_RA\ArUco.cpp(135,15): warning C4244: 'initialisation' : conversion de 'double' en 'float', perte possible de données
C:\Users\Eleve\source\repos\Appli_RA\Appli_RA\ArUco.cpp(140,41): warning C4244: 'initialisation' : conversion de 'double' en 'GLfloat', perte possible de données
C:\Users\Eleve\source\repos\Appli_RA\Appli_RA\ArUco.cpp(140,28): warning C4244: 'initialisation' : conversion de 'double' en 'const GLfloat', perte possible de données
C:\Users\Eleve\source\repos\Appli_RA\Appli_RA\ArUco.cpp(157,18): warning C4244: '=' : conversion de 'double' en 'GLfloat', perte possible de données
C:\Users\Eleve\source\repos\Appli_RA\Appli_RA\ArUco.cpp(158,18): warning C4244: '=' : conversion de 'double' en 'GLfloat', perte possible de données
C:\Users\Eleve\source\repos\Appli_RA\Appli_RA\ArUco.cpp(138,10): warning C4101: 'texcoord' : variable locale non référencée
C:\Users\Eleve\source\repos\Appli_RA\Appli_RA\ArUco.cpp(172,30): warning C4305: 'initialisation' : troncation de 'double' à 'GLfloat'
C:\Users\Eleve\source\repos\Appli_RA\Appli_RA\ArUco.cpp(230,33): warning C4244: 'argument' : conversion de '_Tp' en 'GLfloat', perte possible de données
          with
          [
              _Tp=int
          ]
C:\Users\Eleve\source\repos\Appli_RA\Appli_RA\ArUco.cpp(334,23): warning C4018: '>' : incompatibilité signed/unsigned
C:\Users\Eleve\source\repos\Appli_RA\Appli_RA\ArUco.cpp(340,23): warning C4018: '>' : incompatibilité signed/unsigned
  main.cpp
  Génération de code en cours...
ArUco.obj : error LNK2019: symbole externe non résolu "void __cdecl cv::fastFree(void *)" (?fastFree@cv@@YAXPAX@Z) référencé dans la fonction "public: __thiscall cv::Mat::~Mat(void)" (??1Mat@cv@@QAE@XZ)
ArUco.obj : error LNK2019: symbole externe non résolu "void __cdecl cv::error(int,class std::basic_string<char,struct std::char_traits<char>,class std::allocator<char> > const &,char const *,char const *,int)" (?error@cv@@YAXHABV?$basic_string@DU?$char_traits@D@std@@V?$allocator@D@2@@std@@PBD1H@Z) référencé dans la fonction "public: __thiscall cv::Mat::Mat(class cv::Mat &&)" (??0Mat@cv@@QAE@$$QAV01@@Z)
ArUco.obj : error LNK2019: symbole externe non résolu "public: void __thiscall cv::Mat::copyTo(class cv::debug_build_guard::_OutputArray const &)const " (?copyTo@Mat@cv@@QBEXABV_OutputArray@debug_build_guard@2@@Z) référencé dans la fonction "public: class cv::Mat __thiscall cv::Mat::clone(void)const " (?clone@Mat@cv@@QBE?AV12@XZ)
ArUco.obj : error LNK2019: symbole externe non résolu "public: void __thiscall cv::Mat::create(int,int const *,int)" (?create@Mat@cv@@QAEXHPBHH@Z) référencé dans la fonction "public: void __thiscall cv::Mat::create(int,int,int)" (?create@Mat@cv@@QAEXHHH@Z)
ArUco.obj : error LNK2019: symbole externe non résolu "public: void __thiscall cv::Mat::deallocate(void)" (?deallocate@Mat@cv@@QAEXXZ) référencé dans la fonction "public: void __thiscall cv::Mat::release(void)" (?release@Mat@cv@@QAEXXZ)
ArUco.obj : error LNK2019: symbole externe non résolu "public: void __thiscall cv::Mat::copySize(class cv::Mat const &)" (?copySize@Mat@cv@@QAEXABV12@@Z) référencé dans la fonction "public: class cv::Mat & __thiscall cv::Mat::operator=(class cv::Mat const &)" (??4Mat@cv@@QAEAAV01@ABV01@@Z)
ArUco.obj : error LNK2019: symbole externe non résolu "public: void __thiscall aruco::Marker::glGetModelViewMatrix(double * const)" (?glGetModelViewMatrix@Marker@aruco@@QAEXQAN@Z) référencé dans la fonction "public: void __thiscall ArUco::drawScene(void)" (?drawScene@ArUco@@QAEXXZ)
ArUco.obj : error LNK2019: symbole externe non résolu "void __cdecl cv::resize(class cv::debug_build_guard::_InputArray const &,class cv::debug_build_guard::_OutputArray const &,class cv::Size_<int>,double,double,int)" (?resize@cv@@YAXABV_InputArray@debug_build_guard@1@ABV_OutputArray@31@V?$Size_@H@1@NNH@Z) référencé dans la fonction "public: void __thiscall ArUco::idle(class cv::Mat)" (?idle@ArUco@@QAEXVMat@cv@@@Z)
ArUco.obj : error LNK2019: symbole externe non résolu "void __cdecl cv::cvtColor(class cv::debug_build_guard::_InputArray const &,class cv::debug_build_guard::_OutputArray const &,int,int)" (?cvtColor@cv@@YAXABV_InputArray@debug_build_guard@1@ABV_OutputArray@31@HH@Z) référencé dans la fonction "public: void __thiscall ArUco::idle(class cv::Mat)" (?idle@ArUco@@QAEXVMat@cv@@@Z)
ArUco.obj : error LNK2019: symbole externe non résolu "public: __thiscall aruco::MarkerDetector::MarkerDetector(void)" (??0MarkerDetector@aruco@@QAE@XZ) référencé dans la fonction "public: __thiscall ArUco::ArUco(class std::basic_string<char,struct std::char_traits<char>,class std::allocator<char> >,float)" (??0ArUco@@QAE@V?$basic_string@DU?$char_traits@D@std@@V?$allocator@D@2@@std@@M@Z)
ArUco.obj : error LNK2019: symbole externe non résolu "public: __thiscall aruco::MarkerDetector::~MarkerDetector(void)" (??1MarkerDetector@aruco@@QAE@XZ) référencé dans la fonction __unwindfunclet$??0ArUco@@QAE@V?$basic_string@DU?$char_traits@D@std@@V?$allocator@D@2@@std@@M@Z$2
ArUco.obj : error LNK2019: symbole externe non résolu "public: void __thiscall aruco::MarkerDetector::detect(class cv::Mat const &,class std::vector<class aruco::Marker,class std::allocator<class aruco::Marker> > &,class aruco::CameraParameters,float,bool)" (?detect@MarkerDetector@aruco@@QAEXABVMat@cv@@AAV?$vector@VMarker@aruco@@V?$allocator@VMarker@aruco@@@std@@@std@@VCameraParameters@2@M_N@Z) référencé dans la fonction "public: void __thiscall ArUco::idle(class cv::Mat)" (?idle@ArUco@@QAEXVMat@cv@@@Z)
ArUco.obj : error LNK2019: symbole externe non résolu "public: __thiscall aruco::CameraParameters::CameraParameters(void)" (??0CameraParameters@aruco@@QAE@XZ) référencé dans la fonction "public: __thiscall ArUco::ArUco(class std::basic_string<char,struct std::char_traits<char>,class std::allocator<char> >,float)" (??0ArUco@@QAE@V?$basic_string@DU?$char_traits@D@std@@V?$allocator@D@2@@std@@M@Z)
ArUco.obj : error LNK2019: symbole externe non résolu "public: __thiscall aruco::CameraParameters::CameraParameters(class aruco::CameraParameters const &)" (??0CameraParameters@aruco@@QAE@ABV01@@Z) référencé dans la fonction "public: void __thiscall ArUco::idle(class cv::Mat)" (?idle@ArUco@@QAEXVMat@cv@@@Z)
ArUco.obj : error LNK2019: symbole externe non résolu "public: void __thiscall aruco::CameraParameters::readFromXMLFile(class std::basic_string<char,struct std::char_traits<char>,class std::allocator<char> >)" (?readFromXMLFile@CameraParameters@aruco@@QAEXV?$basic_string@DU?$char_traits@D@std@@V?$allocator@D@2@@std@@@Z) référencé dans la fonction "public: __thiscall ArUco::ArUco(class std::basic_string<char,struct std::char_traits<char>,class std::allocator<char> >,float)" (??0ArUco@@QAE@V?$basic_string@DU?$char_traits@D@std@@V?$allocator@D@2@@std@@M@Z)
ArUco.obj : error LNK2019: symbole externe non résolu "public: void __thiscall aruco::CameraParameters::resize(class cv::Size_<int>)" (?resize@CameraParameters@aruco@@QAEXV?$Size_@H@cv@@@Z) référencé dans la fonction "public: void __thiscall ArUco::doWork(class cv::Mat)" (?doWork@ArUco@@QAEXVMat@cv@@@Z)
ArUco.obj : error LNK2019: symbole externe non résolu "public: void __thiscall aruco::CameraParameters::glGetProjectionMatrix(class cv::Size_<int>,class cv::Size_<int>,double * const,double,double,bool)" (?glGetProjectionMatrix@CameraParameters@aruco@@QAEXV?$Size_@H@cv@@0QANNN_N@Z) référencé dans la fonction "public: void __thiscall ArUco::drawScene(void)" (?drawScene@ArUco@@QAEXXZ)
ArUco.obj : error LNK2019: symbole externe non résolu "public: static void __cdecl aruco::CvDrawingUtils::draw3dAxis(class cv::Mat &,class aruco::Marker &,class aruco::CameraParameters const &,int)" (?draw3dAxis@CvDrawingUtils@aruco@@SAXAAVMat@cv@@AAVMarker@2@ABVCameraParameters@2@H@Z) référencé dans la fonction "public: void __thiscall ArUco::draw3DAxis(class cv::Mat,int)" (?draw3DAxis@ArUco@@QAEXVMat@cv@@H@Z)
ArUco.obj : error LNK2019: symbole externe non résolu "public: static void __cdecl aruco::CvDrawingUtils::draw3dCube(class cv::Mat &,class aruco::Marker &,class aruco::CameraParameters const &,int,bool)" (?draw3dCube@CvDrawingUtils@aruco@@SAXAAVMat@cv@@AAVMarker@2@ABVCameraParameters@2@H_N@Z) référencé dans la fonction "public: void __thiscall ArUco::draw3DCube(class cv::Mat,int)" (?draw3DCube@ArUco@@QAEXVMat@cv@@H@Z)
C:\Dev\GLFW\lib\glfw3.lib : warning LNK4272: type d'ordinateur bibliothèque 'x64' en conflit avec le type d'ordinateur cible 'x86'
C:\Dev\OpenCV\x64\vc16\lib\opencv_core412d.lib : warning LNK4272: type d'ordinateur bibliothèque 'x64' en conflit avec le type d'ordinateur cible 'x86'
C:\Dev\OpenCV\x64\vc16\lib\opencv_features2d412d.lib : warning LNK4272: type d'ordinateur bibliothèque 'x64' en conflit avec le type d'ordinateur cible 'x86'
C:\Dev\OpenCV\x64\vc16\lib\opencv_highgui412d.lib : warning LNK4272: type d'ordinateur bibliothèque 'x64' en conflit avec le type d'ordinateur cible 'x86'
C:\Dev\OpenCV\x64\vc16\lib\opencv_imgcodecs412d.lib : warning LNK4272: type d'ordinateur bibliothèque 'x64' en conflit avec le type d'ordinateur cible 'x86'
C:\Dev\OpenCV\x64\vc16\lib\opencv_imgproc412d.lib : warning LNK4272: type d'ordinateur bibliothèque 'x64' en conflit avec le type d'ordinateur cible 'x86'
C:\Dev\OpenCV\x64\vc16\lib\opencv_videoio412d.lib : warning LNK4272: type d'ordinateur bibliothèque 'x64' en conflit avec le type d'ordinateur cible 'x86'
C:\Dev\aruco\lib\aruco3112.lib : warning LNK4272: type d'ordinateur bibliothèque 'x64' en conflit avec le type d'ordinateur cible 'x86'
C:\Users\Eleve\source\repos\Appli_RA\Debug\Appli_RA.exe : fatal error LNK1120: 19 externes non résolus
